<?xml version="1.0" encoding="UTF-8"?>
<!-- Generated by org.testng.reporters.JUnitReportReporter -->
<testsuite skipped="0" hostname="SL-1139" name="SampleSauceTest" tests="1" failures="0" timestamp="2021-07-12T11:50:15 CDT" time="8.058" errors="0">
  <testcase name="Test" time="8.058" classname="SampleSauceTest"/>
  <system-out/>
</testsuite> <!-- SampleSauceTest -->
